2025-03-14T11:48:00.541Z  INFO 34200 --- [main] c.matchflex.SmartBandApplicationTests    : Starting SmartBandApplicationTests using Java 17.0.13 with PID 34200 (started by YouCode in C:\Users\YouCode\Desktop\Backend)
2025-03-14T11:48:00.550Z  INFO 34200 --- [main] c.matchflex.SmartBandApplicationTests    : No active profile set, falling back to 1 default profile: "default"
2025-03-14T11:48:00.592Z DEBUG 34200 --- [main] o.s.w.c.s.GenericWebApplicationContext   : Refreshing org.springframework.web.context.support.GenericWebApplicationContext@26f3d90c
2025-03-14T11:48:01.462Z  INFO 34200 --- [main] .s.d.r.c.RepositoryConfigurationDelegate : Bootstrapping Spring Data JPA repositories in DEFAULT mode.
2025-03-14T11:48:02.408Z  INFO 34200 --- [main] .s.d.r.c.RepositoryConfigurationDelegate : Finished Spring Data repository scanning in 931 ms. Found 6 JPA repository interfaces.
2025-03-14T11:48:03.632Z  INFO 34200 --- [main] o.s.o.j.p.SpringPersistenceUnitInfo      : No LoadTimeWeaver setup: ignoring JPA class transformer
2025-03-14T11:48:03.676Z  INFO 34200 --- [main] com.zaxxer.hikari.HikariDataSource       : HikariPool-1 - Starting...
2025-03-14T11:48:03.958Z  INFO 34200 --- [main] com.zaxxer.hikari.pool.HikariPool        : HikariPool-1 - Added connection org.postgresql.jdbc.PgConnection@c6a692e
2025-03-14T11:48:03.961Z  INFO 34200 --- [main] com.zaxxer.hikari.HikariDataSource       : HikariPool-1 - Start completed.
2025-03-14T11:48:05.514Z  INFO 34200 --- [main] j.LocalContainerEntityManagerFactoryBean : Initialized JPA EntityManagerFactory for persistence unit 'default'
2025-03-14T11:48:05.528Z  WARN 34200 --- [main] .s.s.UserDetailsServiceAutoConfiguration : 

Using generated security password: f17b0c3c-cd26-44ce-9c9e-e31cc89ec1ef

This generated password is for development use only. Your security configuration must be updated before running your application in production.

2025-03-14T11:48:05.736Z  WARN 34200 --- [main] JpaBaseConfiguration$JpaWebConfiguration : spring.jpa.open-in-view is enabled by default. Therefore, database queries may be performed during view rendering. Explicitly configure spring.jpa.open-in-view to disable this warning
2025-03-14T11:48:05.866Z DEBUG 34200 --- [main] s.w.s.m.m.a.RequestMappingHandlerMapping : 2 mappings in 'requestMappingHandlerMapping'
2025-03-14T11:48:06.032Z DEBUG 34200 --- [main] o.s.w.s.handler.SimpleUrlHandlerMapping  : Patterns [/webjars/**, /**] in 'resourceHandlerMapping'
2025-03-14T11:48:06.096Z DEBUG 34200 --- [main] s.w.s.m.m.a.RequestMappingHandlerAdapter : ControllerAdvice beans: 0 @ModelAttribute, 0 @InitBinder, 1 RequestBodyAdvice, 1 ResponseBodyAdvice
2025-03-14T11:48:06.165Z DEBUG 34200 --- [main] .m.m.a.ExceptionHandlerExceptionResolver : ControllerAdvice beans: 0 @ExceptionHandler, 1 ResponseBodyAdvice
2025-03-14T11:48:06.775Z  INFO 34200 --- [main] r$InitializeUserDetailsManagerConfigurer : Global AuthenticationManager configured with UserDetailsService bean with name inMemoryUserDetailsManager
2025-03-14T11:48:07.028Z  INFO 34200 --- [main] c.matchflex.SmartBandApplicationTests    : Started SmartBandApplicationTests in 6.904 seconds (process running for 8.682)
2025-03-14T11:48:07.773Z DEBUG 34200 --- [SpringApplicationShutdownHook] o.s.w.c.s.GenericWebApplicationContext   : Closing org.springframework.web.context.support.GenericWebApplicationContext@26f3d90c, started on Fri Mar 14 11:48:00 WET 2025
2025-03-14T11:48:07.776Z  INFO 34200 --- [SpringApplicationShutdownHook] j.LocalContainerEntityManagerFactoryBean : Closing JPA EntityManagerFactory for persistence unit 'default'
2025-03-14T11:48:07.779Z  INFO 34200 --- [SpringApplicationShutdownHook] com.zaxxer.hikari.HikariDataSource       : HikariPool-1 - Shutdown initiated...
2025-03-14T11:48:07.789Z  INFO 34200 --- [SpringApplicationShutdownHook] com.zaxxer.hikari.HikariDataSource       : HikariPool-1 - Shutdown completed.
